[2019-10-23 15:47:25.721] [exthost] [info] extension host started
[2019-10-23 15:47:25.818] [exthost] [info] ExtensionService#_doActivateExtension vscode.debug-auto-launch {"startup":true,"extensionId":{"value":"vscode.debug-auto-launch","_lower":"vscode.debug-auto-launch"},"activationEvent":"*"}
[2019-10-23 15:47:25.820] [exthost] [info] ExtensionService#loadCommonJSModule file:///usr/share/code/resources/app/extensions/debug-auto-launch/dist/extension
[2019-10-23 15:47:25.828] [exthost] [info] ExtensionService#_doActivateExtension vscode.emmet {"startup":true,"extensionId":{"value":"vscode.emmet","_lower":"vscode.emmet"},"activationEvent":"*"}
[2019-10-23 15:47:25.828] [exthost] [info] ExtensionService#loadCommonJSModule file:///usr/share/code/resources/app/extensions/emmet/dist/extension
[2019-10-23 15:47:25.936] [exthost] [info] ExtensionService#_doActivateExtension vscode.git {"startup":true,"extensionId":{"value":"vscode.git","_lower":"vscode.git"},"activationEvent":"*"}
[2019-10-23 15:47:25.936] [exthost] [info] ExtensionService#loadCommonJSModule file:///usr/share/code/resources/app/extensions/git/dist/main
[2019-10-23 15:47:26.135] [exthost] [info] ExtensionService#_doActivateExtension vscode.merge-conflict {"startup":true,"extensionId":{"value":"vscode.merge-conflict","_lower":"vscode.merge-conflict"},"activationEvent":"*"}
[2019-10-23 15:47:26.136] [exthost] [info] ExtensionService#loadCommonJSModule file:///usr/share/code/resources/app/extensions/merge-conflict/dist/extension
[2019-10-23 15:47:26.151] [exthost] [info] ExtensionService#_doActivateExtension PKief.material-icon-theme {"startup":true,"extensionId":{"value":"PKief.material-icon-theme","_lower":"pkief.material-icon-theme"},"activationEvent":"*"}
[2019-10-23 15:47:26.151] [exthost] [info] ExtensionService#loadCommonJSModule file:///home/gregory/.vscode/extensions/pkief.material-icon-theme-3.9.1/dist/extension
[2019-10-23 15:47:26.187] [exthost] [info] ExtensionService#_doActivateExtension vscode.npm {"startup":true,"extensionId":{"value":"vscode.npm","_lower":"vscode.npm"},"activationEvent":"workspaceContains:package.json"}
[2019-10-23 15:47:26.187] [exthost] [info] ExtensionService#loadCommonJSModule file:///usr/share/code/resources/app/extensions/npm/dist/main
[2019-10-23 15:47:26.270] [exthost] [info] eager extensions activated
[2019-10-23 15:47:26.805] [exthost] [info] ExtensionService#_doActivateExtension vscode.configuration-editing {"startup":false,"extensionId":{"value":"vscode.configuration-editing","_lower":"vscode.configuration-editing"},"activationEvent":"onLanguage:json"}
[2019-10-23 15:47:26.805] [exthost] [info] ExtensionService#loadCommonJSModule file:///usr/share/code/resources/app/extensions/configuration-editing/dist/extension
[2019-10-23 15:47:26.819] [exthost] [info] ExtensionService#_doActivateExtension vscode.extension-editing {"startup":false,"extensionId":{"value":"vscode.extension-editing","_lower":"vscode.extension-editing"},"activationEvent":"onLanguage:json"}
[2019-10-23 15:47:26.819] [exthost] [info] ExtensionService#loadCommonJSModule file:///usr/share/code/resources/app/extensions/extension-editing/dist/extension
[2019-10-23 15:47:26.868] [exthost] [info] ExtensionService#_doActivateExtension vscode.json-language-features {"startup":false,"extensionId":{"value":"vscode.json-language-features","_lower":"vscode.json-language-features"},"activationEvent":"onLanguage:json"}
[2019-10-23 15:47:26.869] [exthost] [info] ExtensionService#loadCommonJSModule file:///usr/share/code/resources/app/extensions/json-language-features/client/dist/jsonMain
[2019-10-23 15:47:27.488] [exthost] [info] ExtensionService#_doActivateExtension vscode.typescript-language-features {"startup":false,"extensionId":{"value":"vscode.typescript-language-features","_lower":"vscode.typescript-language-features"},"activationEvent":"onLanguage:jsonc"}
[2019-10-23 15:47:27.489] [exthost] [info] ExtensionService#loadCommonJSModule file:///usr/share/code/resources/app/extensions/typescript-language-features/dist/extension
[2019-10-23 17:42:58.883] [exthost] [error] [vscode.typescript-language-features] provider FAILED
[2019-10-23 17:42:58.885] [exthost] [error] Error: <semantic> TypeScript Server Error (3.6.3)
Cannot read property 'emitNode' of undefined
TypeError: Cannot read property 'emitNode' of undefined
    at Object.getCommentRange (tsserver.js:65828:29)
    at emitNodeList (tsserver.js:89502:51)
    at emitList (tsserver.js:89381:13)
    at Object.writeList (tsserver.js:86818:13)
    at tsserver.js:110952:29
    at Object.mapToDisplayParts (tsserver.js:100181:13)
    at itemInfoForParameters (tsserver.js:110949:41)
    at getSignatureHelpItem (tsserver.js:110915:95)
    at tsserver.js:110888:79
    at Array.map (<anonymous>)
    at createSignatureHelpItems (tsserver.js:110888:36)
    at tsserver.js:110480:23
    at Object.runWithCancellationToken (tsserver.js:32458:28)
    at Object.getSignatureHelpItems (tsserver.js:110478:32)
    at Object.getSignatureHelpItems (tsserver.js:125709:37)
    at IOSession.Session.getSignatureHelpItems (tsserver.js:134816:62)
    at Session.handlers.ts.createMapFromTemplate._a.(anonymous function) (tsserver.js:133744:61)
    at tsserver.js:135256:88
    at IOSession.Session.executeWithRequestId (tsserver.js:135247:28)
    at IOSession.Session.executeCommand (tsserver.js:135256:33)
    at IOSession.Session.onMessage (tsserver.js:135279:35)
    at Interface.<anonymous> (tsserver.js:136594:27)
    at Interface.emit (events.js:182:13)
    at Interface._onLine (readline.js:290:10)
    at Interface._normalWrite (readline.js:433:12)
    at Socket.ondata (readline.js:149:10)
    at Socket.emit (events.js:182:13)
    at addChunk (_stream_readable.js:283:12)
    at readableAddChunk (_stream_readable.js:264:11)
    at Socket.Readable.push (_stream_readable.js:219:10)
    at Pipe.onStreamRead [as onread] (internal/stream_base_commons.js:94:17)
	at Function.create (/usr/share/code/resources/app/extensions/typescript-language-features/dist/extension.js:53:63415)
	at h.dispatchResponse (/usr/share/code/resources/app/extensions/typescript-language-features/dist/extension.js:53:56570)
	at h.dispatchMessage (/usr/share/code/resources/app/extensions/typescript-language-features/dist/extension.js:53:55468)
	at _reader.onData.e (/usr/share/code/resources/app/extensions/typescript-language-features/dist/extension.js:53:54944)
	at l.fire (/usr/share/code/resources/app/out/vs/workbench/services/extensions/node/extensionHostProcess.js:50:519)
	at t.Reader.onLengthData (/usr/share/code/resources/app/extensions/typescript-language-features/dist/extension.js:53:61635)
	at Socket.e.on.e (/usr/share/code/resources/app/extensions/typescript-language-features/dist/extension.js:53:61283)
	at Socket.emit (events.js:182:13)
	at addChunk (_stream_readable.js:283:12)
	at readableAddChunk (_stream_readable.js:264:11)
	at Socket.Readable.push (_stream_readable.js:219:10)
	at Pipe.onStreamRead [as onread] (internal/stream_base_commons.js:94:17)
[2019-10-23 17:43:11.375] [exthost] [error] [vscode.typescript-language-features] provider FAILED
[2019-10-23 17:43:11.375] [exthost] [error] Error: <semantic> TypeScript Server Error (3.6.3)
Cannot read property 'emitNode' of undefined
TypeError: Cannot read property 'emitNode' of undefined
    at Object.getCommentRange (tsserver.js:65828:29)
    at emitNodeList (tsserver.js:89502:51)
    at emitList (tsserver.js:89381:13)
    at Object.writeList (tsserver.js:86818:13)
    at tsserver.js:110952:29
    at Object.mapToDisplayParts (tsserver.js:100181:13)
    at itemInfoForParameters (tsserver.js:110949:41)
    at getSignatureHelpItem (tsserver.js:110915:95)
    at tsserver.js:110888:79
    at Array.map (<anonymous>)
    at createSignatureHelpItems (tsserver.js:110888:36)
    at tsserver.js:110480:23
    at Object.runWithCancellationToken (tsserver.js:32458:28)
    at Object.getSignatureHelpItems (tsserver.js:110478:32)
    at Object.getSignatureHelpItems (tsserver.js:125709:37)
    at IOSession.Session.getSignatureHelpItems (tsserver.js:134816:62)
    at Session.handlers.ts.createMapFromTemplate._a.(anonymous function) (tsserver.js:133744:61)
    at tsserver.js:135256:88
    at IOSession.Session.executeWithRequestId (tsserver.js:135247:28)
    at IOSession.Session.executeCommand (tsserver.js:135256:33)
    at IOSession.Session.onMessage (tsserver.js:135279:35)
    at Interface.<anonymous> (tsserver.js:136594:27)
    at Interface.emit (events.js:182:13)
    at Interface._onLine (readline.js:290:10)
    at Interface._normalWrite (readline.js:433:12)
    at Socket.ondata (readline.js:149:10)
    at Socket.emit (events.js:182:13)
    at addChunk (_stream_readable.js:283:12)
    at readableAddChunk (_stream_readable.js:264:11)
    at Socket.Readable.push (_stream_readable.js:219:10)
    at Pipe.onStreamRead [as onread] (internal/stream_base_commons.js:94:17)
	at Function.create (/usr/share/code/resources/app/extensions/typescript-language-features/dist/extension.js:53:63415)
	at h.dispatchResponse (/usr/share/code/resources/app/extensions/typescript-language-features/dist/extension.js:53:56570)
	at h.dispatchMessage (/usr/share/code/resources/app/extensions/typescript-language-features/dist/extension.js:53:55468)
	at _reader.onData.e (/usr/share/code/resources/app/extensions/typescript-language-features/dist/extension.js:53:54944)
	at l.fire (/usr/share/code/resources/app/out/vs/workbench/services/extensions/node/extensionHostProcess.js:50:519)
	at t.Reader.onLengthData (/usr/share/code/resources/app/extensions/typescript-language-features/dist/extension.js:53:61635)
	at Socket.e.on.e (/usr/share/code/resources/app/extensions/typescript-language-features/dist/extension.js:53:61283)
	at Socket.emit (events.js:182:13)
	at addChunk (_stream_readable.js:283:12)
	at readableAddChunk (_stream_readable.js:264:11)
	at Socket.Readable.push (_stream_readable.js:219:10)
	at Pipe.onStreamRead [as onread] (internal/stream_base_commons.js:94:17)
[2019-10-23 17:43:13.823] [exthost] [error] [vscode.typescript-language-features] provider FAILED
[2019-10-23 17:43:13.823] [exthost] [error] Error: <semantic> TypeScript Server Error (3.6.3)
Cannot read property 'emitNode' of undefined
TypeError: Cannot read property 'emitNode' of undefined
    at Object.getCommentRange (tsserver.js:65828:29)
    at emitNodeList (tsserver.js:89502:51)
    at emitList (tsserver.js:89381:13)
    at Object.writeList (tsserver.js:86818:13)
    at tsserver.js:110952:29
    at Object.mapToDisplayParts (tsserver.js:100181:13)
    at itemInfoForParameters (tsserver.js:110949:41)
    at getSignatureHelpItem (tsserver.js:110915:95)
    at tsserver.js:110888:79
    at Array.map (<anonymous>)
    at createSignatureHelpItems (tsserver.js:110888:36)
    at tsserver.js:110480:23
    at Object.runWithCancellationToken (tsserver.js:32458:28)
    at Object.getSignatureHelpItems (tsserver.js:110478:32)
    at Object.getSignatureHelpItems (tsserver.js:125709:37)
    at IOSession.Session.getSignatureHelpItems (tsserver.js:134816:62)
    at Session.handlers.ts.createMapFromTemplate._a.(anonymous function) (tsserver.js:133744:61)
    at tsserver.js:135256:88
    at IOSession.Session.executeWithRequestId (tsserver.js:135247:28)
    at IOSession.Session.executeCommand (tsserver.js:135256:33)
    at IOSession.Session.onMessage (tsserver.js:135279:35)
    at Interface.<anonymous> (tsserver.js:136594:27)
    at Interface.emit (events.js:182:13)
    at Interface._onLine (readline.js:290:10)
    at Interface._normalWrite (readline.js:433:12)
    at Socket.ondata (readline.js:149:10)
    at Socket.emit (events.js:182:13)
    at addChunk (_stream_readable.js:283:12)
    at readableAddChunk (_stream_readable.js:264:11)
    at Socket.Readable.push (_stream_readable.js:219:10)
    at Pipe.onStreamRead [as onread] (internal/stream_base_commons.js:94:17)
	at Function.create (/usr/share/code/resources/app/extensions/typescript-language-features/dist/extension.js:53:63415)
	at h.dispatchResponse (/usr/share/code/resources/app/extensions/typescript-language-features/dist/extension.js:53:56570)
	at h.dispatchMessage (/usr/share/code/resources/app/extensions/typescript-language-features/dist/extension.js:53:55468)
	at _reader.onData.e (/usr/share/code/resources/app/extensions/typescript-language-features/dist/extension.js:53:54944)
	at l.fire (/usr/share/code/resources/app/out/vs/workbench/services/extensions/node/extensionHostProcess.js:50:519)
	at t.Reader.onLengthData (/usr/share/code/resources/app/extensions/typescript-language-features/dist/extension.js:53:61635)
	at Socket.e.on.e (/usr/share/code/resources/app/extensions/typescript-language-features/dist/extension.js:53:61283)
	at Socket.emit (events.js:182:13)
	at addChunk (_stream_readable.js:283:12)
	at readableAddChunk (_stream_readable.js:264:11)
	at Socket.Readable.push (_stream_readable.js:219:10)
	at Pipe.onStreamRead [as onread] (internal/stream_base_commons.js:94:17)
[2019-10-23 17:43:16.203] [exthost] [error] [vscode.typescript-language-features] provider FAILED
[2019-10-23 17:43:16.203] [exthost] [error] Error: <semantic> TypeScript Server Error (3.6.3)
Cannot read property 'emitNode' of undefined
TypeError: Cannot read property 'emitNode' of undefined
    at Object.getCommentRange (tsserver.js:65828:29)
    at emitNodeList (tsserver.js:89502:51)
    at emitList (tsserver.js:89381:13)
    at Object.writeList (tsserver.js:86818:13)
    at tsserver.js:110952:29
    at Object.mapToDisplayParts (tsserver.js:100181:13)
    at itemInfoForParameters (tsserver.js:110949:41)
    at getSignatureHelpItem (tsserver.js:110915:95)
    at tsserver.js:110888:79
    at Array.map (<anonymous>)
    at createSignatureHelpItems (tsserver.js:110888:36)
    at tsserver.js:110480:23
    at Object.runWithCancellationToken (tsserver.js:32458:28)
    at Object.getSignatureHelpItems (tsserver.js:110478:32)
    at Object.getSignatureHelpItems (tsserver.js:125709:37)
    at IOSession.Session.getSignatureHelpItems (tsserver.js:134816:62)
    at Session.handlers.ts.createMapFromTemplate._a.(anonymous function) (tsserver.js:133744:61)
    at tsserver.js:135256:88
    at IOSession.Session.executeWithRequestId (tsserver.js:135247:28)
    at IOSession.Session.executeCommand (tsserver.js:135256:33)
    at IOSession.Session.onMessage (tsserver.js:135279:35)
    at Interface.<anonymous> (tsserver.js:136594:27)
    at Interface.emit (events.js:182:13)
    at Interface._onLine (readline.js:290:10)
    at Interface._normalWrite (readline.js:433:12)
    at Socket.ondata (readline.js:149:10)
    at Socket.emit (events.js:182:13)
    at addChunk (_stream_readable.js:283:12)
    at readableAddChunk (_stream_readable.js:264:11)
    at Socket.Readable.push (_stream_readable.js:219:10)
    at Pipe.onStreamRead [as onread] (internal/stream_base_commons.js:94:17)
	at Function.create (/usr/share/code/resources/app/extensions/typescript-language-features/dist/extension.js:53:63415)
	at h.dispatchResponse (/usr/share/code/resources/app/extensions/typescript-language-features/dist/extension.js:53:56570)
	at h.dispatchMessage (/usr/share/code/resources/app/extensions/typescript-language-features/dist/extension.js:53:55468)
	at _reader.onData.e (/usr/share/code/resources/app/extensions/typescript-language-features/dist/extension.js:53:54944)
	at l.fire (/usr/share/code/resources/app/out/vs/workbench/services/extensions/node/extensionHostProcess.js:50:519)
	at t.Reader.onLengthData (/usr/share/code/resources/app/extensions/typescript-language-features/dist/extension.js:53:61635)
	at Socket.e.on.e (/usr/share/code/resources/app/extensions/typescript-language-features/dist/extension.js:53:61283)
	at Socket.emit (events.js:182:13)
	at addChunk (_stream_readable.js:283:12)
	at readableAddChunk (_stream_readable.js:264:11)
	at Socket.Readable.push (_stream_readable.js:219:10)
	at Pipe.onStreamRead [as onread] (internal/stream_base_commons.js:94:17)
[2019-10-23 17:43:16.353] [exthost] [error] [vscode.typescript-language-features] provider FAILED
[2019-10-23 17:43:16.354] [exthost] [error] Error: <semantic> TypeScript Server Error (3.6.3)
Cannot read property 'emitNode' of undefined
TypeError: Cannot read property 'emitNode' of undefined
    at Object.getCommentRange (tsserver.js:65828:29)
    at emitNodeList (tsserver.js:89502:51)
    at emitList (tsserver.js:89381:13)
    at Object.writeList (tsserver.js:86818:13)
    at tsserver.js:110952:29
    at Object.mapToDisplayParts (tsserver.js:100181:13)
    at itemInfoForParameters (tsserver.js:110949:41)
    at getSignatureHelpItem (tsserver.js:110915:95)
    at tsserver.js:110888:79
    at Array.map (<anonymous>)
    at createSignatureHelpItems (tsserver.js:110888:36)
    at tsserver.js:110480:23
    at Object.runWithCancellationToken (tsserver.js:32458:28)
    at Object.getSignatureHelpItems (tsserver.js:110478:32)
    at Object.getSignatureHelpItems (tsserver.js:125709:37)
    at IOSession.Session.getSignatureHelpItems (tsserver.js:134816:62)
    at Session.handlers.ts.createMapFromTemplate._a.(anonymous function) (tsserver.js:133744:61)
    at tsserver.js:135256:88
    at IOSession.Session.executeWithRequestId (tsserver.js:135247:28)
    at IOSession.Session.executeCommand (tsserver.js:135256:33)
    at IOSession.Session.onMessage (tsserver.js:135279:35)
    at Interface.<anonymous> (tsserver.js:136594:27)
    at Interface.emit (events.js:182:13)
    at Interface._onLine (readline.js:290:10)
    at Interface._normalWrite (readline.js:433:12)
    at Socket.ondata (readline.js:149:10)
    at Socket.emit (events.js:182:13)
    at addChunk (_stream_readable.js:283:12)
    at readableAddChunk (_stream_readable.js:264:11)
    at Socket.Readable.push (_stream_readable.js:219:10)
    at Pipe.onStreamRead [as onread] (internal/stream_base_commons.js:94:17)
	at Function.create (/usr/share/code/resources/app/extensions/typescript-language-features/dist/extension.js:53:63415)
	at h.dispatchResponse (/usr/share/code/resources/app/extensions/typescript-language-features/dist/extension.js:53:56570)
	at h.dispatchMessage (/usr/share/code/resources/app/extensions/typescript-language-features/dist/extension.js:53:55468)
	at _reader.onData.e (/usr/share/code/resources/app/extensions/typescript-language-features/dist/extension.js:53:54944)
	at l.fire (/usr/share/code/resources/app/out/vs/workbench/services/extensions/node/extensionHostProcess.js:50:519)
	at t.Reader.onLengthData (/usr/share/code/resources/app/extensions/typescript-language-features/dist/extension.js:53:61635)
	at Socket.e.on.e (/usr/share/code/resources/app/extensions/typescript-language-features/dist/extension.js:53:61283)
	at Socket.emit (events.js:182:13)
	at addChunk (_stream_readable.js:283:12)
	at readableAddChunk (_stream_readable.js:264:11)
	at Socket.Readable.push (_stream_readable.js:219:10)
	at Pipe.onStreamRead [as onread] (internal/stream_base_commons.js:94:17)
[2019-10-23 17:49:58.456] [exthost] [error] [vscode.typescript-language-features] provider FAILED
[2019-10-23 17:49:58.457] [exthost] [error] Error: <semantic> TypeScript Server Error (3.6.3)
Cannot read property 'emitNode' of undefined
TypeError: Cannot read property 'emitNode' of undefined
    at Object.getCommentRange (tsserver.js:65828:29)
    at emitNodeList (tsserver.js:89502:51)
    at emitList (tsserver.js:89381:13)
    at Object.writeList (tsserver.js:86818:13)
    at tsserver.js:110952:29
    at Object.mapToDisplayParts (tsserver.js:100181:13)
    at itemInfoForParameters (tsserver.js:110949:41)
    at getSignatureHelpItem (tsserver.js:110915:95)
    at tsserver.js:110888:79
    at Array.map (<anonymous>)
    at createSignatureHelpItems (tsserver.js:110888:36)
    at tsserver.js:110480:23
    at Object.runWithCancellationToken (tsserver.js:32458:28)
    at Object.getSignatureHelpItems (tsserver.js:110478:32)
    at Object.getSignatureHelpItems (tsserver.js:125709:37)
    at IOSession.Session.getSignatureHelpItems (tsserver.js:134816:62)
    at Session.handlers.ts.createMapFromTemplate._a.(anonymous function) (tsserver.js:133744:61)
    at tsserver.js:135256:88
    at IOSession.Session.executeWithRequestId (tsserver.js:135247:28)
    at IOSession.Session.executeCommand (tsserver.js:135256:33)
    at IOSession.Session.onMessage (tsserver.js:135279:35)
    at Interface.<anonymous> (tsserver.js:136594:27)
    at Interface.emit (events.js:182:13)
    at Interface._onLine (readline.js:290:10)
    at Interface._normalWrite (readline.js:433:12)
    at Socket.ondata (readline.js:149:10)
    at Socket.emit (events.js:182:13)
    at addChunk (_stream_readable.js:283:12)
    at readableAddChunk (_stream_readable.js:264:11)
    at Socket.Readable.push (_stream_readable.js:219:10)
    at Pipe.onStreamRead [as onread] (internal/stream_base_commons.js:94:17)
	at Function.create (/usr/share/code/resources/app/extensions/typescript-language-features/dist/extension.js:53:63415)
	at h.dispatchResponse (/usr/share/code/resources/app/extensions/typescript-language-features/dist/extension.js:53:56570)
	at h.dispatchMessage (/usr/share/code/resources/app/extensions/typescript-language-features/dist/extension.js:53:55468)
	at _reader.onData.e (/usr/share/code/resources/app/extensions/typescript-language-features/dist/extension.js:53:54944)
	at l.fire (/usr/share/code/resources/app/out/vs/workbench/services/extensions/node/extensionHostProcess.js:50:519)
	at t.Reader.onLengthData (/usr/share/code/resources/app/extensions/typescript-language-features/dist/extension.js:53:61635)
	at Socket.e.on.e (/usr/share/code/resources/app/extensions/typescript-language-features/dist/extension.js:53:61283)
	at Socket.emit (events.js:182:13)
	at addChunk (_stream_readable.js:283:12)
	at readableAddChunk (_stream_readable.js:264:11)
	at Socket.Readable.push (_stream_readable.js:219:10)
	at Pipe.onStreamRead [as onread] (internal/stream_base_commons.js:94:17)
[2019-10-23 17:50:16.551] [exthost] [error] [vscode.typescript-language-features] provider FAILED
[2019-10-23 17:50:16.552] [exthost] [error] Error: <semantic> TypeScript Server Error (3.6.3)
Cannot read property 'emitNode' of undefined
TypeError: Cannot read property 'emitNode' of undefined
    at Object.getCommentRange (tsserver.js:65828:29)
    at emitNodeList (tsserver.js:89502:51)
    at emitList (tsserver.js:89381:13)
    at Object.writeList (tsserver.js:86818:13)
    at tsserver.js:110952:29
    at Object.mapToDisplayParts (tsserver.js:100181:13)
    at itemInfoForParameters (tsserver.js:110949:41)
    at getSignatureHelpItem (tsserver.js:110915:95)
    at tsserver.js:110888:79
    at Array.map (<anonymous>)
    at createSignatureHelpItems (tsserver.js:110888:36)
    at tsserver.js:110480:23
    at Object.runWithCancellationToken (tsserver.js:32458:28)
    at Object.getSignatureHelpItems (tsserver.js:110478:32)
    at Object.getSignatureHelpItems (tsserver.js:125709:37)
    at IOSession.Session.getSignatureHelpItems (tsserver.js:134816:62)
    at Session.handlers.ts.createMapFromTemplate._a.(anonymous function) (tsserver.js:133744:61)
    at tsserver.js:135256:88
    at IOSession.Session.executeWithRequestId (tsserver.js:135247:28)
    at IOSession.Session.executeCommand (tsserver.js:135256:33)
    at IOSession.Session.onMessage (tsserver.js:135279:35)
    at Interface.<anonymous> (tsserver.js:136594:27)
    at Interface.emit (events.js:182:13)
    at Interface._onLine (readline.js:290:10)
    at Interface._normalWrite (readline.js:433:12)
    at Socket.ondata (readline.js:149:10)
    at Socket.emit (events.js:182:13)
    at addChunk (_stream_readable.js:283:12)
    at readableAddChunk (_stream_readable.js:264:11)
    at Socket.Readable.push (_stream_readable.js:219:10)
    at Pipe.onStreamRead [as onread] (internal/stream_base_commons.js:94:17)
	at Function.create (/usr/share/code/resources/app/extensions/typescript-language-features/dist/extension.js:53:63415)
	at h.dispatchResponse (/usr/share/code/resources/app/extensions/typescript-language-features/dist/extension.js:53:56570)
	at h.dispatchMessage (/usr/share/code/resources/app/extensions/typescript-language-features/dist/extension.js:53:55468)
	at _reader.onData.e (/usr/share/code/resources/app/extensions/typescript-language-features/dist/extension.js:53:54944)
	at l.fire (/usr/share/code/resources/app/out/vs/workbench/services/extensions/node/extensionHostProcess.js:50:519)
	at t.Reader.onLengthData (/usr/share/code/resources/app/extensions/typescript-language-features/dist/extension.js:53:61635)
	at Socket.e.on.e (/usr/share/code/resources/app/extensions/typescript-language-features/dist/extension.js:53:61283)
	at Socket.emit (events.js:182:13)
	at addChunk (_stream_readable.js:283:12)
	at readableAddChunk (_stream_readable.js:264:11)
	at Socket.Readable.push (_stream_readable.js:219:10)
	at Pipe.onStreamRead [as onread] (internal/stream_base_commons.js:94:17)
[2019-10-23 17:50:31.912] [exthost] [error] [vscode.typescript-language-features] provider FAILED
[2019-10-23 17:50:31.912] [exthost] [error] Error: <semantic> TypeScript Server Error (3.6.3)
Cannot read property 'emitNode' of undefined
TypeError: Cannot read property 'emitNode' of undefined
    at Object.getCommentRange (tsserver.js:65828:29)
    at emitNodeList (tsserver.js:89502:51)
    at emitList (tsserver.js:89381:13)
    at Object.writeList (tsserver.js:86818:13)
    at tsserver.js:110952:29
    at Object.mapToDisplayParts (tsserver.js:100181:13)
    at itemInfoForParameters (tsserver.js:110949:41)
    at getSignatureHelpItem (tsserver.js:110915:95)
    at tsserver.js:110888:79
    at Array.map (<anonymous>)
    at createSignatureHelpItems (tsserver.js:110888:36)
    at tsserver.js:110480:23
    at Object.runWithCancellationToken (tsserver.js:32458:28)
    at Object.getSignatureHelpItems (tsserver.js:110478:32)
    at Object.getSignatureHelpItems (tsserver.js:125709:37)
    at IOSession.Session.getSignatureHelpItems (tsserver.js:134816:62)
    at Session.handlers.ts.createMapFromTemplate._a.(anonymous function) (tsserver.js:133744:61)
    at tsserver.js:135256:88
    at IOSession.Session.executeWithRequestId (tsserver.js:135247:28)
    at IOSession.Session.executeCommand (tsserver.js:135256:33)
    at IOSession.Session.onMessage (tsserver.js:135279:35)
    at Interface.<anonymous> (tsserver.js:136594:27)
    at Interface.emit (events.js:182:13)
    at Interface._onLine (readline.js:290:10)
    at Interface._normalWrite (readline.js:433:12)
    at Socket.ondata (readline.js:149:10)
    at Socket.emit (events.js:182:13)
    at addChunk (_stream_readable.js:283:12)
    at readableAddChunk (_stream_readable.js:264:11)
    at Socket.Readable.push (_stream_readable.js:219:10)
    at Pipe.onStreamRead [as onread] (internal/stream_base_commons.js:94:17)
	at Function.create (/usr/share/code/resources/app/extensions/typescript-language-features/dist/extension.js:53:63415)
	at h.dispatchResponse (/usr/share/code/resources/app/extensions/typescript-language-features/dist/extension.js:53:56570)
	at h.dispatchMessage (/usr/share/code/resources/app/extensions/typescript-language-features/dist/extension.js:53:55468)
	at _reader.onData.e (/usr/share/code/resources/app/extensions/typescript-language-features/dist/extension.js:53:54944)
	at l.fire (/usr/share/code/resources/app/out/vs/workbench/services/extensions/node/extensionHostProcess.js:50:519)
	at t.Reader.onLengthData (/usr/share/code/resources/app/extensions/typescript-language-features/dist/extension.js:53:61635)
	at Socket.e.on.e (/usr/share/code/resources/app/extensions/typescript-language-features/dist/extension.js:53:61283)
	at Socket.emit (events.js:182:13)
	at addChunk (_stream_readable.js:283:12)
	at readableAddChunk (_stream_readable.js:264:11)
	at Socket.Readable.push (_stream_readable.js:219:10)
	at Pipe.onStreamRead [as onread] (internal/stream_base_commons.js:94:17)
[2019-10-23 18:25:19.691] [exthost] [error] [vscode.typescript-language-features] provider FAILED
[2019-10-23 18:25:19.692] [exthost] [error] Error: <semantic> TypeScript Server Error (3.6.3)
Cannot read property 'emitNode' of undefined
TypeError: Cannot read property 'emitNode' of undefined
    at Object.getCommentRange (tsserver.js:65828:29)
    at emitNodeList (tsserver.js:89502:51)
    at emitList (tsserver.js:89381:13)
    at Object.writeList (tsserver.js:86818:13)
    at tsserver.js:110952:29
    at Object.mapToDisplayParts (tsserver.js:100181:13)
    at itemInfoForParameters (tsserver.js:110949:41)
    at getSignatureHelpItem (tsserver.js:110915:95)
    at tsserver.js:110888:79
    at Array.map (<anonymous>)
    at createSignatureHelpItems (tsserver.js:110888:36)
    at tsserver.js:110480:23
    at Object.runWithCancellationToken (tsserver.js:32458:28)
    at Object.getSignatureHelpItems (tsserver.js:110478:32)
    at Object.getSignatureHelpItems (tsserver.js:125709:37)
    at IOSession.Session.getSignatureHelpItems (tsserver.js:134816:62)
    at Session.handlers.ts.createMapFromTemplate._a.(anonymous function) (tsserver.js:133744:61)
    at tsserver.js:135256:88
    at IOSession.Session.executeWithRequestId (tsserver.js:135247:28)
    at IOSession.Session.executeCommand (tsserver.js:135256:33)
    at IOSession.Session.onMessage (tsserver.js:135279:35)
    at Interface.<anonymous> (tsserver.js:136594:27)
    at Interface.emit (events.js:182:13)
    at Interface._onLine (readline.js:290:10)
    at Interface._normalWrite (readline.js:433:12)
    at Socket.ondata (readline.js:149:10)
    at Socket.emit (events.js:182:13)
    at addChunk (_stream_readable.js:283:12)
    at readableAddChunk (_stream_readable.js:264:11)
    at Socket.Readable.push (_stream_readable.js:219:10)
    at Pipe.onStreamRead [as onread] (internal/stream_base_commons.js:94:17)
	at Function.create (/usr/share/code/resources/app/extensions/typescript-language-features/dist/extension.js:53:63415)
	at h.dispatchResponse (/usr/share/code/resources/app/extensions/typescript-language-features/dist/extension.js:53:56570)
	at h.dispatchMessage (/usr/share/code/resources/app/extensions/typescript-language-features/dist/extension.js:53:55468)
	at _reader.onData.e (/usr/share/code/resources/app/extensions/typescript-language-features/dist/extension.js:53:54944)
	at l.fire (/usr/share/code/resources/app/out/vs/workbench/services/extensions/node/extensionHostProcess.js:50:519)
	at t.Reader.onLengthData (/usr/share/code/resources/app/extensions/typescript-language-features/dist/extension.js:53:61635)
	at Socket.e.on.e (/usr/share/code/resources/app/extensions/typescript-language-features/dist/extension.js:53:61283)
	at Socket.emit (events.js:182:13)
	at addChunk (_stream_readable.js:283:12)
	at readableAddChunk (_stream_readable.js:264:11)
	at Socket.Readable.push (_stream_readable.js:219:10)
	at Pipe.onStreamRead [as onread] (internal/stream_base_commons.js:94:17)
[2019-10-23 18:28:24.109] [exthost] [error] [vscode.typescript-language-features] provider FAILED
[2019-10-23 18:28:24.109] [exthost] [error] Error: <semantic> TypeScript Server Error (3.6.3)
Cannot read property 'emitNode' of undefined
TypeError: Cannot read property 'emitNode' of undefined
    at Object.getCommentRange (tsserver.js:65828:29)
    at emitNodeList (tsserver.js:89502:51)
    at emitList (tsserver.js:89381:13)
    at Object.writeList (tsserver.js:86818:13)
    at tsserver.js:110952:29
    at Object.mapToDisplayParts (tsserver.js:100181:13)
    at itemInfoForParameters (tsserver.js:110949:41)
    at getSignatureHelpItem (tsserver.js:110915:95)
    at tsserver.js:110888:79
    at Array.map (<anonymous>)
    at createSignatureHelpItems (tsserver.js:110888:36)
    at tsserver.js:110480:23
    at Object.runWithCancellationToken (tsserver.js:32458:28)
    at Object.getSignatureHelpItems (tsserver.js:110478:32)
    at Object.getSignatureHelpItems (tsserver.js:125709:37)
    at IOSession.Session.getSignatureHelpItems (tsserver.js:134816:62)
    at Session.handlers.ts.createMapFromTemplate._a.(anonymous function) (tsserver.js:133744:61)
    at tsserver.js:135256:88
    at IOSession.Session.executeWithRequestId (tsserver.js:135247:28)
    at IOSession.Session.executeCommand (tsserver.js:135256:33)
    at IOSession.Session.onMessage (tsserver.js:135279:35)
    at Interface.<anonymous> (tsserver.js:136594:27)
    at Interface.emit (events.js:182:13)
    at Interface._onLine (readline.js:290:10)
    at Interface._normalWrite (readline.js:433:12)
    at Socket.ondata (readline.js:149:10)
    at Socket.emit (events.js:182:13)
    at addChunk (_stream_readable.js:283:12)
    at readableAddChunk (_stream_readable.js:264:11)
    at Socket.Readable.push (_stream_readable.js:219:10)
    at Pipe.onStreamRead [as onread] (internal/stream_base_commons.js:94:17)
	at Function.create (/usr/share/code/resources/app/extensions/typescript-language-features/dist/extension.js:53:63415)
	at h.dispatchResponse (/usr/share/code/resources/app/extensions/typescript-language-features/dist/extension.js:53:56570)
	at h.dispatchMessage (/usr/share/code/resources/app/extensions/typescript-language-features/dist/extension.js:53:55468)
	at _reader.onData.e (/usr/share/code/resources/app/extensions/typescript-language-features/dist/extension.js:53:54944)
	at l.fire (/usr/share/code/resources/app/out/vs/workbench/services/extensions/node/extensionHostProcess.js:50:519)
	at t.Reader.onLengthData (/usr/share/code/resources/app/extensions/typescript-language-features/dist/extension.js:53:61635)
	at Socket.e.on.e (/usr/share/code/resources/app/extensions/typescript-language-features/dist/extension.js:53:61283)
	at Socket.emit (events.js:182:13)
	at addChunk (_stream_readable.js:283:12)
	at readableAddChunk (_stream_readable.js:264:11)
	at Socket.Readable.push (_stream_readable.js:219:10)
	at Pipe.onStreamRead [as onread] (internal/stream_base_commons.js:94:17)
[2019-10-23 18:28:40.155] [exthost] [error] [vscode.typescript-language-features] provider FAILED
[2019-10-23 18:28:40.155] [exthost] [error] Error: <semantic> TypeScript Server Error (3.6.3)
Cannot read property 'emitNode' of undefined
TypeError: Cannot read property 'emitNode' of undefined
    at Object.getCommentRange (tsserver.js:65828:29)
    at emitNodeList (tsserver.js:89502:51)
    at emitList (tsserver.js:89381:13)
    at Object.writeList (tsserver.js:86818:13)
    at tsserver.js:110952:29
    at Object.mapToDisplayParts (tsserver.js:100181:13)
    at itemInfoForParameters (tsserver.js:110949:41)
    at getSignatureHelpItem (tsserver.js:110915:95)
    at tsserver.js:110888:79
    at Array.map (<anonymous>)
    at createSignatureHelpItems (tsserver.js:110888:36)
    at tsserver.js:110480:23
    at Object.runWithCancellationToken (tsserver.js:32458:28)
    at Object.getSignatureHelpItems (tsserver.js:110478:32)
    at Object.getSignatureHelpItems (tsserver.js:125709:37)
    at IOSession.Session.getSignatureHelpItems (tsserver.js:134816:62)
    at Session.handlers.ts.createMapFromTemplate._a.(anonymous function) (tsserver.js:133744:61)
    at tsserver.js:135256:88
    at IOSession.Session.executeWithRequestId (tsserver.js:135247:28)
    at IOSession.Session.executeCommand (tsserver.js:135256:33)
    at IOSession.Session.onMessage (tsserver.js:135279:35)
    at Interface.<anonymous> (tsserver.js:136594:27)
    at Interface.emit (events.js:182:13)
    at Interface._onLine (readline.js:290:10)
    at Interface._normalWrite (readline.js:433:12)
    at Socket.ondata (readline.js:149:10)
    at Socket.emit (events.js:182:13)
    at addChunk (_stream_readable.js:283:12)
    at readableAddChunk (_stream_readable.js:264:11)
    at Socket.Readable.push (_stream_readable.js:219:10)
    at Pipe.onStreamRead [as onread] (internal/stream_base_commons.js:94:17)
	at Function.create (/usr/share/code/resources/app/extensions/typescript-language-features/dist/extension.js:53:63415)
	at h.dispatchResponse (/usr/share/code/resources/app/extensions/typescript-language-features/dist/extension.js:53:56570)
	at h.dispatchMessage (/usr/share/code/resources/app/extensions/typescript-language-features/dist/extension.js:53:55468)
	at _reader.onData.e (/usr/share/code/resources/app/extensions/typescript-language-features/dist/extension.js:53:54944)
	at l.fire (/usr/share/code/resources/app/out/vs/workbench/services/extensions/node/extensionHostProcess.js:50:519)
	at t.Reader.onLengthData (/usr/share/code/resources/app/extensions/typescript-language-features/dist/extension.js:53:61635)
	at Socket.e.on.e (/usr/share/code/resources/app/extensions/typescript-language-features/dist/extension.js:53:61283)
	at Socket.emit (events.js:182:13)
	at addChunk (_stream_readable.js:283:12)
	at readableAddChunk (_stream_readable.js:264:11)
	at Socket.Readable.push (_stream_readable.js:219:10)
	at Pipe.onStreamRead [as onread] (internal/stream_base_commons.js:94:17)
[2019-10-23 18:43:51.636] [exthost] [error] [vscode.typescript-language-features] provider FAILED
[2019-10-23 18:43:51.636] [exthost] [error] Error: <semantic> TypeScript Server Error (3.6.3)
Cannot read property 'emitNode' of undefined
TypeError: Cannot read property 'emitNode' of undefined
    at Object.getCommentRange (tsserver.js:65828:29)
    at emitNodeList (tsserver.js:89502:51)
    at emitList (tsserver.js:89381:13)
    at Object.writeList (tsserver.js:86818:13)
    at tsserver.js:110952:29
    at Object.mapToDisplayParts (tsserver.js:100181:13)
    at itemInfoForParameters (tsserver.js:110949:41)
    at getSignatureHelpItem (tsserver.js:110915:95)
    at tsserver.js:110888:79
    at Array.map (<anonymous>)
    at createSignatureHelpItems (tsserver.js:110888:36)
    at tsserver.js:110480:23
    at Object.runWithCancellationToken (tsserver.js:32458:28)
    at Object.getSignatureHelpItems (tsserver.js:110478:32)
    at Object.getSignatureHelpItems (tsserver.js:125709:37)
    at IOSession.Session.getSignatureHelpItems (tsserver.js:134816:62)
    at Session.handlers.ts.createMapFromTemplate._a.(anonymous function) (tsserver.js:133744:61)
    at tsserver.js:135256:88
    at IOSession.Session.executeWithRequestId (tsserver.js:135247:28)
    at IOSession.Session.executeCommand (tsserver.js:135256:33)
    at IOSession.Session.onMessage (tsserver.js:135279:35)
    at Interface.<anonymous> (tsserver.js:136594:27)
    at Interface.emit (events.js:182:13)
    at Interface._onLine (readline.js:290:10)
    at Interface._normalWrite (readline.js:433:12)
    at Socket.ondata (readline.js:149:10)
    at Socket.emit (events.js:182:13)
    at addChunk (_stream_readable.js:283:12)
    at readableAddChunk (_stream_readable.js:264:11)
    at Socket.Readable.push (_stream_readable.js:219:10)
    at Pipe.onStreamRead [as onread] (internal/stream_base_commons.js:94:17)
	at Function.create (/usr/share/code/resources/app/extensions/typescript-language-features/dist/extension.js:53:63415)
	at h.dispatchResponse (/usr/share/code/resources/app/extensions/typescript-language-features/dist/extension.js:53:56570)
	at h.dispatchMessage (/usr/share/code/resources/app/extensions/typescript-language-features/dist/extension.js:53:55468)
	at _reader.onData.e (/usr/share/code/resources/app/extensions/typescript-language-features/dist/extension.js:53:54944)
	at l.fire (/usr/share/code/resources/app/out/vs/workbench/services/extensions/node/extensionHostProcess.js:50:519)
	at t.Reader.onLengthData (/usr/share/code/resources/app/extensions/typescript-language-features/dist/extension.js:53:61635)
	at Socket.e.on.e (/usr/share/code/resources/app/extensions/typescript-language-features/dist/extension.js:53:61283)
	at Socket.emit (events.js:182:13)
	at addChunk (_stream_readable.js:283:12)
	at readableAddChunk (_stream_readable.js:264:11)
	at Socket.Readable.push (_stream_readable.js:219:10)
	at Pipe.onStreamRead [as onread] (internal/stream_base_commons.js:94:17)
[2019-10-23 18:43:55.223] [exthost] [error] [vscode.typescript-language-features] provider FAILED
[2019-10-23 18:43:55.224] [exthost] [error] Error: <semantic> TypeScript Server Error (3.6.3)
Cannot read property 'emitNode' of undefined
TypeError: Cannot read property 'emitNode' of undefined
    at Object.getCommentRange (tsserver.js:65828:29)
    at emitNodeList (tsserver.js:89502:51)
    at emitList (tsserver.js:89381:13)
    at Object.writeList (tsserver.js:86818:13)
    at tsserver.js:110952:29
    at Object.mapToDisplayParts (tsserver.js:100181:13)
    at itemInfoForParameters (tsserver.js:110949:41)
    at getSignatureHelpItem (tsserver.js:110915:95)
    at tsserver.js:110888:79
    at Array.map (<anonymous>)
    at createSignatureHelpItems (tsserver.js:110888:36)
    at tsserver.js:110480:23
    at Object.runWithCancellationToken (tsserver.js:32458:28)
    at Object.getSignatureHelpItems (tsserver.js:110478:32)
    at Object.getSignatureHelpItems (tsserver.js:125709:37)
    at IOSession.Session.getSignatureHelpItems (tsserver.js:134816:62)
    at Session.handlers.ts.createMapFromTemplate._a.(anonymous function) (tsserver.js:133744:61)
    at tsserver.js:135256:88
    at IOSession.Session.executeWithRequestId (tsserver.js:135247:28)
    at IOSession.Session.executeCommand (tsserver.js:135256:33)
    at IOSession.Session.onMessage (tsserver.js:135279:35)
    at Interface.<anonymous> (tsserver.js:136594:27)
    at Interface.emit (events.js:182:13)
    at Interface._onLine (readline.js:290:10)
    at Interface._normalWrite (readline.js:433:12)
    at Socket.ondata (readline.js:149:10)
    at Socket.emit (events.js:182:13)
    at addChunk (_stream_readable.js:283:12)
    at readableAddChunk (_stream_readable.js:264:11)
    at Socket.Readable.push (_stream_readable.js:219:10)
    at Pipe.onStreamRead [as onread] (internal/stream_base_commons.js:94:17)
	at Function.create (/usr/share/code/resources/app/extensions/typescript-language-features/dist/extension.js:53:63415)
	at h.dispatchResponse (/usr/share/code/resources/app/extensions/typescript-language-features/dist/extension.js:53:56570)
	at h.dispatchMessage (/usr/share/code/resources/app/extensions/typescript-language-features/dist/extension.js:53:55468)
	at _reader.onData.e (/usr/share/code/resources/app/extensions/typescript-language-features/dist/extension.js:53:54944)
	at l.fire (/usr/share/code/resources/app/out/vs/workbench/services/extensions/node/extensionHostProcess.js:50:519)
	at t.Reader.onLengthData (/usr/share/code/resources/app/extensions/typescript-language-features/dist/extension.js:53:61635)
	at Socket.e.on.e (/usr/share/code/resources/app/extensions/typescript-language-features/dist/extension.js:53:61283)
	at Socket.emit (events.js:182:13)
	at addChunk (_stream_readable.js:283:12)
	at readableAddChunk (_stream_readable.js:264:11)
	at Socket.Readable.push (_stream_readable.js:219:10)
	at Pipe.onStreamRead [as onread] (internal/stream_base_commons.js:94:17)
[2019-10-23 18:44:02.431] [exthost] [error] [vscode.typescript-language-features] provider FAILED
[2019-10-23 18:44:02.431] [exthost] [error] Error: <semantic> TypeScript Server Error (3.6.3)
Cannot read property 'emitNode' of undefined
TypeError: Cannot read property 'emitNode' of undefined
    at Object.getCommentRange (tsserver.js:65828:29)
    at emitNodeList (tsserver.js:89502:51)
    at emitList (tsserver.js:89381:13)
    at Object.writeList (tsserver.js:86818:13)
    at tsserver.js:110952:29
    at Object.mapToDisplayParts (tsserver.js:100181:13)
    at itemInfoForParameters (tsserver.js:110949:41)
    at getSignatureHelpItem (tsserver.js:110915:95)
    at tsserver.js:110888:79
    at Array.map (<anonymous>)
    at createSignatureHelpItems (tsserver.js:110888:36)
    at tsserver.js:110480:23
    at Object.runWithCancellationToken (tsserver.js:32458:28)
    at Object.getSignatureHelpItems (tsserver.js:110478:32)
    at Object.getSignatureHelpItems (tsserver.js:125709:37)
    at IOSession.Session.getSignatureHelpItems (tsserver.js:134816:62)
    at Session.handlers.ts.createMapFromTemplate._a.(anonymous function) (tsserver.js:133744:61)
    at tsserver.js:135256:88
    at IOSession.Session.executeWithRequestId (tsserver.js:135247:28)
    at IOSession.Session.executeCommand (tsserver.js:135256:33)
    at IOSession.Session.onMessage (tsserver.js:135279:35)
    at Interface.<anonymous> (tsserver.js:136594:27)
    at Interface.emit (events.js:182:13)
    at Interface._onLine (readline.js:290:10)
    at Interface._normalWrite (readline.js:433:12)
    at Socket.ondata (readline.js:149:10)
    at Socket.emit (events.js:182:13)
    at addChunk (_stream_readable.js:283:12)
    at readableAddChunk (_stream_readable.js:264:11)
    at Socket.Readable.push (_stream_readable.js:219:10)
    at Pipe.onStreamRead [as onread] (internal/stream_base_commons.js:94:17)
	at Function.create (/usr/share/code/resources/app/extensions/typescript-language-features/dist/extension.js:53:63415)
	at h.dispatchResponse (/usr/share/code/resources/app/extensions/typescript-language-features/dist/extension.js:53:56570)
	at h.dispatchMessage (/usr/share/code/resources/app/extensions/typescript-language-features/dist/extension.js:53:55468)
	at _reader.onData.e (/usr/share/code/resources/app/extensions/typescript-language-features/dist/extension.js:53:54944)
	at l.fire (/usr/share/code/resources/app/out/vs/workbench/services/extensions/node/extensionHostProcess.js:50:519)
	at t.Reader.onLengthData (/usr/share/code/resources/app/extensions/typescript-language-features/dist/extension.js:53:61635)
	at Socket.e.on.e (/usr/share/code/resources/app/extensions/typescript-language-features/dist/extension.js:53:61283)
	at Socket.emit (events.js:182:13)
	at addChunk (_stream_readable.js:283:12)
	at readableAddChunk (_stream_readable.js:264:11)
	at Socket.Readable.push (_stream_readable.js:219:10)
	at Pipe.onStreamRead [as onread] (internal/stream_base_commons.js:94:17)
[2019-10-23 18:44:04.288] [exthost] [error] [vscode.typescript-language-features] provider FAILED
[2019-10-23 18:44:04.288] [exthost] [error] Error: <semantic> TypeScript Server Error (3.6.3)
Cannot read property 'emitNode' of undefined
TypeError: Cannot read property 'emitNode' of undefined
    at Object.getCommentRange (tsserver.js:65828:29)
    at emitNodeList (tsserver.js:89502:51)
    at emitList (tsserver.js:89381:13)
    at Object.writeList (tsserver.js:86818:13)
    at tsserver.js:110952:29
    at Object.mapToDisplayParts (tsserver.js:100181:13)
    at itemInfoForParameters (tsserver.js:110949:41)
    at getSignatureHelpItem (tsserver.js:110915:95)
    at tsserver.js:110888:79
    at Array.map (<anonymous>)
    at createSignatureHelpItems (tsserver.js:110888:36)
    at tsserver.js:110480:23
    at Object.runWithCancellationToken (tsserver.js:32458:28)
    at Object.getSignatureHelpItems (tsserver.js:110478:32)
    at Object.getSignatureHelpItems (tsserver.js:125709:37)
    at IOSession.Session.getSignatureHelpItems (tsserver.js:134816:62)
    at Session.handlers.ts.createMapFromTemplate._a.(anonymous function) (tsserver.js:133744:61)
    at tsserver.js:135256:88
    at IOSession.Session.executeWithRequestId (tsserver.js:135247:28)
    at IOSession.Session.executeCommand (tsserver.js:135256:33)
    at IOSession.Session.onMessage (tsserver.js:135279:35)
    at Interface.<anonymous> (tsserver.js:136594:27)
    at Interface.emit (events.js:182:13)
    at Interface._onLine (readline.js:290:10)
    at Interface._normalWrite (readline.js:433:12)
    at Socket.ondata (readline.js:149:10)
    at Socket.emit (events.js:182:13)
    at addChunk (_stream_readable.js:283:12)
    at readableAddChunk (_stream_readable.js:264:11)
    at Socket.Readable.push (_stream_readable.js:219:10)
    at Pipe.onStreamRead [as onread] (internal/stream_base_commons.js:94:17)
	at Function.create (/usr/share/code/resources/app/extensions/typescript-language-features/dist/extension.js:53:63415)
	at h.dispatchResponse (/usr/share/code/resources/app/extensions/typescript-language-features/dist/extension.js:53:56570)
	at h.dispatchMessage (/usr/share/code/resources/app/extensions/typescript-language-features/dist/extension.js:53:55468)
	at _reader.onData.e (/usr/share/code/resources/app/extensions/typescript-language-features/dist/extension.js:53:54944)
	at l.fire (/usr/share/code/resources/app/out/vs/workbench/services/extensions/node/extensionHostProcess.js:50:519)
	at t.Reader.onLengthData (/usr/share/code/resources/app/extensions/typescript-language-features/dist/extension.js:53:61635)
	at Socket.e.on.e (/usr/share/code/resources/app/extensions/typescript-language-features/dist/extension.js:53:61283)
	at Socket.emit (events.js:182:13)
	at addChunk (_stream_readable.js:283:12)
	at readableAddChunk (_stream_readable.js:264:11)
	at Socket.Readable.push (_stream_readable.js:219:10)
	at Pipe.onStreamRead [as onread] (internal/stream_base_commons.js:94:17)
[2019-10-23 18:54:28.819] [exthost] [error] [vscode.typescript-language-features] provider FAILED
[2019-10-23 18:54:28.819] [exthost] [error] Error: <semantic> TypeScript Server Error (3.6.3)
Cannot read property 'emitNode' of undefined
TypeError: Cannot read property 'emitNode' of undefined
    at Object.getCommentRange (tsserver.js:65828:29)
    at emitNodeList (tsserver.js:89502:51)
    at emitList (tsserver.js:89381:13)
    at Object.writeList (tsserver.js:86818:13)
    at tsserver.js:110952:29
    at Object.mapToDisplayParts (tsserver.js:100181:13)
    at itemInfoForParameters (tsserver.js:110949:41)
    at getSignatureHelpItem (tsserver.js:110915:95)
    at tsserver.js:110888:79
    at Array.map (<anonymous>)
    at createSignatureHelpItems (tsserver.js:110888:36)
    at tsserver.js:110480:23
    at Object.runWithCancellationToken (tsserver.js:32458:28)
    at Object.getSignatureHelpItems (tsserver.js:110478:32)
    at Object.getSignatureHelpItems (tsserver.js:125709:37)
    at IOSession.Session.getSignatureHelpItems (tsserver.js:134816:62)
    at Session.handlers.ts.createMapFromTemplate._a.(anonymous function) (tsserver.js:133744:61)
    at tsserver.js:135256:88
    at IOSession.Session.executeWithRequestId (tsserver.js:135247:28)
    at IOSession.Session.executeCommand (tsserver.js:135256:33)
    at IOSession.Session.onMessage (tsserver.js:135279:35)
    at Interface.<anonymous> (tsserver.js:136594:27)
    at Interface.emit (events.js:182:13)
    at Interface._onLine (readline.js:290:10)
    at Interface._normalWrite (readline.js:433:12)
    at Socket.ondata (readline.js:149:10)
    at Socket.emit (events.js:182:13)
    at addChunk (_stream_readable.js:283:12)
    at readableAddChunk (_stream_readable.js:264:11)
    at Socket.Readable.push (_stream_readable.js:219:10)
    at Pipe.onStreamRead [as onread] (internal/stream_base_commons.js:94:17)
	at Function.create (/usr/share/code/resources/app/extensions/typescript-language-features/dist/extension.js:53:63415)
	at h.dispatchResponse (/usr/share/code/resources/app/extensions/typescript-language-features/dist/extension.js:53:56570)
	at h.dispatchMessage (/usr/share/code/resources/app/extensions/typescript-language-features/dist/extension.js:53:55468)
	at _reader.onData.e (/usr/share/code/resources/app/extensions/typescript-language-features/dist/extension.js:53:54944)
	at l.fire (/usr/share/code/resources/app/out/vs/workbench/services/extensions/node/extensionHostProcess.js:50:519)
	at t.Reader.onLengthData (/usr/share/code/resources/app/extensions/typescript-language-features/dist/extension.js:53:61635)
	at Socket.e.on.e (/usr/share/code/resources/app/extensions/typescript-language-features/dist/extension.js:53:61283)
	at Socket.emit (events.js:182:13)
	at addChunk (_stream_readable.js:283:12)
	at readableAddChunk (_stream_readable.js:264:11)
	at Socket.Readable.push (_stream_readable.js:219:10)
	at Pipe.onStreamRead [as onread] (internal/stream_base_commons.js:94:17)
[2019-10-23 18:54:43.017] [exthost] [error] [vscode.typescript-language-features] provider FAILED
[2019-10-23 18:54:43.018] [exthost] [error] Error: <semantic> TypeScript Server Error (3.6.3)
Cannot read property 'emitNode' of undefined
TypeError: Cannot read property 'emitNode' of undefined
    at Object.getCommentRange (tsserver.js:65828:29)
    at emitNodeList (tsserver.js:89502:51)
    at emitList (tsserver.js:89381:13)
    at Object.writeList (tsserver.js:86818:13)
    at tsserver.js:110952:29
    at Object.mapToDisplayParts (tsserver.js:100181:13)
    at itemInfoForParameters (tsserver.js:110949:41)
    at getSignatureHelpItem (tsserver.js:110915:95)
    at tsserver.js:110888:79
    at Array.map (<anonymous>)
    at createSignatureHelpItems (tsserver.js:110888:36)
    at tsserver.js:110480:23
    at Object.runWithCancellationToken (tsserver.js:32458:28)
    at Object.getSignatureHelpItems (tsserver.js:110478:32)
    at Object.getSignatureHelpItems (tsserver.js:125709:37)
    at IOSession.Session.getSignatureHelpItems (tsserver.js:134816:62)
    at Session.handlers.ts.createMapFromTemplate._a.(anonymous function) (tsserver.js:133744:61)
    at tsserver.js:135256:88
    at IOSession.Session.executeWithRequestId (tsserver.js:135247:28)
    at IOSession.Session.executeCommand (tsserver.js:135256:33)
    at IOSession.Session.onMessage (tsserver.js:135279:35)
    at Interface.<anonymous> (tsserver.js:136594:27)
    at Interface.emit (events.js:182:13)
    at Interface._onLine (readline.js:290:10)
    at Interface._normalWrite (readline.js:433:12)
    at Socket.ondata (readline.js:149:10)
    at Socket.emit (events.js:182:13)
    at addChunk (_stream_readable.js:283:12)
    at readableAddChunk (_stream_readable.js:264:11)
    at Socket.Readable.push (_stream_readable.js:219:10)
    at Pipe.onStreamRead [as onread] (internal/stream_base_commons.js:94:17)
	at Function.create (/usr/share/code/resources/app/extensions/typescript-language-features/dist/extension.js:53:63415)
	at h.dispatchResponse (/usr/share/code/resources/app/extensions/typescript-language-features/dist/extension.js:53:56570)
	at h.dispatchMessage (/usr/share/code/resources/app/extensions/typescript-language-features/dist/extension.js:53:55468)
	at _reader.onData.e (/usr/share/code/resources/app/extensions/typescript-language-features/dist/extension.js:53:54944)
	at l.fire (/usr/share/code/resources/app/out/vs/workbench/services/extensions/node/extensionHostProcess.js:50:519)
	at t.Reader.onLengthData (/usr/share/code/resources/app/extensions/typescript-language-features/dist/extension.js:53:61635)
	at Socket.e.on.e (/usr/share/code/resources/app/extensions/typescript-language-features/dist/extension.js:53:61283)
	at Socket.emit (events.js:182:13)
	at addChunk (_stream_readable.js:283:12)
	at readableAddChunk (_stream_readable.js:264:11)
	at Socket.Readable.push (_stream_readable.js:219:10)
	at Pipe.onStreamRead [as onread] (internal/stream_base_commons.js:94:17)
